<?xml version="1.0" encoding="UTF-8"?>
<!-- Generated by org.testng.reporters.JUnitXMLReporter -->
<testsuite ignored="2" hostname="LAPTOP-D48PB34H" failures="0" tests="1" name="Default test" time="13.97" errors="0" timestamp="2022-02-13T08:34:04 AEST">
  <testcase classname="com.zert.java.tutorial.ElementTestCase" name="checkBox_click_commands" time="3.681"/>
  <testcase classname="com.zert.java.tutorial.ElementTestCase" name="checkBox_click_office" time="0.0">
    <ignored/>
  </testcase> <!-- checkBox_click_office -->
  <testcase classname="com.zert.java.tutorial.ElementTestCase" name="TestElements" time="0.0">
    <ignored/>
  </testcase> <!-- TestElements -->
</testsuite> <!-- Default test -->
