<?xml version="1.0" encoding="UTF-8"?>
<!-- Generated by org.testng.reporters.JUnitXMLReporter -->
<testsuite hostname="DESKTOP-946UO6R" ignored="0" name="Default test" tests="2" failures="0" timestamp="2022-02-04T07:29:04 AEST" time="51.657" errors="0">
  <testcase name="add_double_test" time="47.238" classname="com.zert.java.testng.tutorial.MathsOperationTest"/>
  <testcase name="add_integer_test" time="4.35" classname="com.zert.java.testng.tutorial.MathsOperationTest"/>
</testsuite> <!-- Default test -->
