<?xml version="1.0" encoding="UTF-8"?>
<testng-results ignored="0" total="1" passed="1" failed="0" skipped="0">
  <reporter-output>
  </reporter-output>
  <suite started-at="2022-02-10T12:52:09 AEST" name="Default suite" finished-at="2022-02-10T12:52:09 AEST" duration-ms="29">
    <groups>
    </groups>
    <test started-at="2022-02-10T12:52:09 AEST" name="Default test" finished-at="2022-02-10T12:52:09 AEST" duration-ms="29">
      <class name="com.zert.java.tutorial.MathOperationTest">
        <test-method signature="add_test()[pri:0, instance:com.zert.java.tutorial.MathOperationTest@f5ac9e4]" started-at="2022-02-10T12:52:09 AEST" name="add_test" finished-at="2022-02-10T12:52:09 AEST" duration-ms="6" status="PASS">
          <reporter-output>
          </reporter-output>
        </test-method> <!-- add_test -->
      </class> <!-- com.zert.java.tutorial.MathOperationTest -->
    </test> <!-- Default test -->
  </suite> <!-- Default suite -->
</testng-results>
